[0728/100555.285:ERROR:process_info.cc(359)] UncheckedAllocate
[0730/063933.442:ERROR:process_info.cc(359)] UncheckedAllocate
[0730/063953.865:ERROR:process_info.cc(359)] UncheckedAllocate
[0730/144103.035:ERROR:process_reader_win.cc(151)] SuspendThread: Access is denied. (0x5)
[0730/144103.039:ERROR:exception_snapshot_win.cc(98)] thread ID 23264 not found in process
[0731/154638.624:ERROR:process_info.cc(359)] UncheckedAllocate
[0915/061651.151:ERROR:process_memory_win.cc(73)] ReadMemory at 0x2b7228a8800 of 72 bytes failed: Only part of a ReadProcessMemory or WriteProcessMemory request was completed. (0x12B)
[0915/061651.153:WARNING:pe_image_annotations_reader.cc(135)] could not read annotations list object in C:\Program Files (x86)\Google\Chrome\Application\85.0.4183.102\chrome_elf.dll
[0915/061651.153:ERROR:process_memory_win.cc(73)] ReadMemory at 0x2b7228f8160 of 72 bytes failed: Only part of a ReadProcessMemory or WriteProcessMemory request was completed. (0x12B)
[0915/061651.153:WARNING:pe_image_annotations_reader.cc(135)] could not read annotations list object in C:\Program Files (x86)\Google\Chrome\Application\85.0.4183.102\chrome.dll
[0915/061651.154:ERROR:process_memory_win.cc(73)] ReadMemory at 0x2b722a20000 of 64 bytes failed: Only part of a ReadProcessMemory or WriteProcessMemory request was completed. (0x12B)
[0915/061651.154:WARNING:pe_image_reader.cc(340)] could not read dos header from C:\Windows\System32\IMM32.DLL
[0915/061651.161:ERROR:process_memory_win.cc(73)] ReadMemory at 0x2b7228a8800 of 72 bytes failed: Only part of a ReadProcessMemory or WriteProcessMemory request was completed. (0x12B)
[0915/061651.161:WARNING:pe_image_annotations_reader.cc(135)] could not read annotations list object in C:\Program Files (x86)\Google\Chrome\Application\85.0.4183.102\chrome_elf.dll
[0915/061651.161:ERROR:process_memory_win.cc(73)] ReadMemory at 0x2b7228f8160 of 72 bytes failed: Only part of a ReadProcessMemory or WriteProcessMemory request was completed. (0x12B)
[0915/061651.161:WARNING:pe_image_annotations_reader.cc(135)] could not read annotations list object in C:\Program Files (x86)\Google\Chrome\Application\85.0.4183.102\chrome.dll
[0915/061651.161:ERROR:process_memory_win.cc(73)] ReadMemory at 0x2b722a20000 of 64 bytes failed: Only part of a ReadProcessMemory or WriteProcessMemory request was completed. (0x12B)
[0915/061651.161:WARNING:pe_image_reader.cc(340)] could not read dos header from C:\Windows\System32\IMM32.DLL
[0915/061651.162:ERROR:process_memory_win.cc(73)] ReadMemory at 0x2b7228a8800 of 72 bytes failed: Only part of a ReadProcessMemory or WriteProcessMemory request was completed. (0x12B)
[0915/061651.162:WARNING:pe_image_annotations_reader.cc(135)] could not read annotations list object in C:\Program Files (x86)\Google\Chrome\Application\85.0.4183.102\chrome_elf.dll
[0915/061651.162:ERROR:process_memory_win.cc(73)] ReadMemory at 0x2b7228f8160 of 72 bytes failed: Only part of a ReadProcessMemory or WriteProcessMemory request was completed. (0x12B)
[0915/061651.162:WARNING:pe_image_annotations_reader.cc(135)] could not read annotations list object in C:\Program Files (x86)\Google\Chrome\Application\85.0.4183.102\chrome.dll
[0915/061651.162:ERROR:process_memory_win.cc(73)] ReadMemory at 0x2b722a20000 of 64 bytes failed: Only part of a ReadProcessMemory or WriteProcessMemory request was completed. (0x12B)
[0915/061651.162:WARNING:pe_image_reader.cc(340)] could not read dos header from C:\Windows\System32\IMM32.DLL
[0915/061651.172:ERROR:process_memory_win.cc(73)] ReadMemory at 0xea8f7ee000 of 73728 bytes failed: Only part of a ReadProcessMemory or WriteProcessMemory request was completed. (0x12B)
[0915/061651.173:ERROR:process_memory_win.cc(73)] ReadMemory at 0xea8fffd000 of 12288 bytes failed: Only part of a ReadProcessMemory or WriteProcessMemory request was completed. (0x12B)
[0915/061651.173:ERROR:process_memory_win.cc(73)] ReadMemory at 0xea907f5000 of 45056 bytes failed: Only part of a ReadProcessMemory or WriteProcessMemory request was completed. (0x12B)
[0915/061651.173:ERROR:process_memory_win.cc(73)] ReadMemory at 0xea90ffc000 of 16384 bytes failed: Only part of a ReadProcessMemory or WriteProcessMemory request was completed. (0x12B)
[0915/061651.173:ERROR:process_memory_win.cc(73)] ReadMemory at 0xea917fc000 of 16384 bytes failed: Only part of a ReadProcessMemory or WriteProcessMemory request was completed. (0x12B)
[0915/061651.173:ERROR:process_memory_win.cc(73)] ReadMemory at 0xea91ffe000 of 8192 bytes failed: Only part of a ReadProcessMemory or WriteProcessMemory request was completed. (0x12B)
[0915/061651.173:ERROR:process_memory_win.cc(73)] ReadMemory at 0xea927fd000 of 12288 bytes failed: Only part of a ReadProcessMemory or WriteProcessMemory request was completed. (0x12B)
[0915/061651.173:ERROR:process_memory_win.cc(73)] ReadMemory at 0xea92ffc000 of 16384 bytes failed: Only part of a ReadProcessMemory or WriteProcessMemory request was completed. (0x12B)
[0915/061651.173:ERROR:process_memory_win.cc(73)] ReadMemory at 0xea937fd000 of 12288 bytes failed: Only part of a ReadProcessMemory or WriteProcessMemory request was completed. (0x12B)
[0915/061651.173:ERROR:process_memory_win.cc(73)] ReadMemory at 0xea93ffb000 of 20480 bytes failed: Only part of a ReadProcessMemory or WriteProcessMemory request was completed. (0x12B)
[0915/061651.173:ERROR:process_memory_win.cc(73)] ReadMemory at 0xea947fc000 of 16384 bytes failed: Only part of a ReadProcessMemory or WriteProcessMemory request was completed. (0x12B)
[0915/061651.173:ERROR:process_memory_win.cc(73)] ReadMemory at 0xea94ffd000 of 12288 bytes failed: Only part of a ReadProcessMemory or WriteProcessMemory request was completed. (0x12B)
[0915/061651.173:ERROR:process_memory_win.cc(73)] ReadMemory at 0xea957fc000 of 16384 bytes failed: Only part of a ReadProcessMemory or WriteProcessMemory request was completed. (0x12B)
[0915/061651.173:ERROR:process_memory_win.cc(73)] ReadMemory at 0xea95ffd000 of 12288 bytes failed: Only part of a ReadProcessMemory or WriteProcessMemory request was completed. (0x12B)
[0915/061651.173:ERROR:process_memory_win.cc(73)] ReadMemory at 0xea96ffd000 of 12288 bytes failed: Only part of a ReadProcessMemory or WriteProcessMemory request was completed. (0x12B)
[0915/061651.173:ERROR:process_memory_win.cc(73)] ReadMemory at 0xea977f5000 of 45056 bytes failed: Only part of a ReadProcessMemory or WriteProcessMemory request was completed. (0x12B)
[0915/061651.173:ERROR:process_memory_win.cc(73)] ReadMemory at 0xea97ffd000 of 12288 bytes failed: Only part of a ReadProcessMemory or WriteProcessMemory request was completed. (0x12B)
[0915/061651.173:ERROR:process_memory_win.cc(73)] ReadMemory at 0xea987fc000 of 16384 bytes failed: Only part of a ReadProcessMemory or WriteProcessMemory request was completed. (0x12B)
[0915/061651.173:ERROR:process_memory_win.cc(73)] ReadMemory at 0xea98ff5000 of 45056 bytes failed: Only part of a ReadProcessMemory or WriteProcessMemory request was completed. (0x12B)
[0915/061651.173:ERROR:process_memory_win.cc(73)] ReadMemory at 0xea997fc000 of 16384 bytes failed: Only part of a ReadProcessMemory or WriteProcessMemory request was completed. (0x12B)
[0915/061651.174:ERROR:process_memory_win.cc(73)] ReadMemory at 0xea8ef5f000 of 852 bytes failed: Only part of a ReadProcessMemory or WriteProcessMemory request was completed. (0x12B)
[0915/061651.174:ERROR:process_memory_win.cc(73)] ReadMemory at 0xea8ef60000 of 6024 bytes failed: Only part of a ReadProcessMemory or WriteProcessMemory request was completed. (0x12B)
[0915/061651.174:ERROR:process_memory_win.cc(73)] ReadMemory at 0xea8ef62000 of 6024 bytes failed: Only part of a ReadProcessMemory or WriteProcessMemory request was completed. (0x12B)
[0915/061651.174:ERROR:process_memory_win.cc(73)] ReadMemory at 0xea8ef64000 of 6024 bytes failed: Only part of a ReadProcessMemory or WriteProcessMemory request was completed. (0x12B)
[0915/061651.174:ERROR:process_memory_win.cc(73)] ReadMemory at 0xea8ef66000 of 6024 bytes failed: Only part of a ReadProcessMemory or WriteProcessMemory request was completed. (0x12B)
[0915/061651.174:ERROR:process_memory_win.cc(73)] ReadMemory at 0xea8ef68000 of 6024 bytes failed: Only part of a ReadProcessMemory or WriteProcessMemory request was completed. (0x12B)
[0915/061651.174:ERROR:process_memory_win.cc(73)] ReadMemory at 0xea8ef6a000 of 6024 bytes failed: Only part of a ReadProcessMemory or WriteProcessMemory request was completed. (0x12B)
[0915/061651.174:ERROR:process_memory_win.cc(73)] ReadMemory at 0xea8ef6c000 of 6024 bytes failed: Only part of a ReadProcessMemory or WriteProcessMemory request was completed. (0x12B)
[0915/061651.174:ERROR:process_memory_win.cc(73)] ReadMemory at 0xea8ef6e000 of 6024 bytes failed: Only part of a ReadProcessMemory or WriteProcessMemory request was completed. (0x12B)
[0915/061651.174:ERROR:process_memory_win.cc(73)] ReadMemory at 0xea8ef70000 of 6024 bytes failed: Only part of a ReadProcessMemory or WriteProcessMemory request was completed. (0x12B)
[0915/061651.174:ERROR:process_memory_win.cc(73)] ReadMemory at 0xea8ef72000 of 6024 bytes failed: Only part of a ReadProcessMemory or WriteProcessMemory request was completed. (0x12B)
[0915/061651.174:ERROR:process_memory_win.cc(73)] ReadMemory at 0xea8ef74000 of 6024 bytes failed: Only part of a ReadProcessMemory or WriteProcessMemory request was completed. (0x12B)
[0915/061651.174:ERROR:process_memory_win.cc(73)] ReadMemory at 0xea8ef76000 of 6024 bytes failed: Only part of a ReadProcessMemory or WriteProcessMemory request was completed. (0x12B)
[0915/061651.174:ERROR:process_memory_win.cc(73)] ReadMemory at 0xea8ef78000 of 6024 bytes failed: Only part of a ReadProcessMemory or WriteProcessMemory request was completed. (0x12B)
[0915/061651.174:ERROR:process_memory_win.cc(73)] ReadMemory at 0xea8ef7a000 of 6024 bytes failed: Only part of a ReadProcessMemory or WriteProcessMemory request was completed. (0x12B)
[0915/061651.174:ERROR:process_memory_win.cc(73)] ReadMemory at 0xea8ef7e000 of 6024 bytes failed: Only part of a ReadProcessMemory or WriteProcessMemory request was completed. (0x12B)
[0915/061651.174:ERROR:process_memory_win.cc(73)] ReadMemory at 0xea8ef80000 of 6024 bytes failed: Only part of a ReadProcessMemory or WriteProcessMemory request was completed. (0x12B)
[0915/061651.174:ERROR:process_memory_win.cc(73)] ReadMemory at 0xea8ef82000 of 6024 bytes failed: Only part of a ReadProcessMemory or WriteProcessMemory request was completed. (0x12B)
[0915/061651.174:ERROR:process_memory_win.cc(73)] ReadMemory at 0xea8ef84000 of 6024 bytes failed: Only part of a ReadProcessMemory or WriteProcessMemory request was completed. (0x12B)
[0915/061651.174:ERROR:process_memory_win.cc(73)] ReadMemory at 0xea8ef86000 of 6024 bytes failed: Only part of a ReadProcessMemory or WriteProcessMemory request was completed. (0x12B)
[0915/061651.174:ERROR:process_memory_win.cc(73)] ReadMemory at 0xea8ef88000 of 6024 bytes failed: Only part of a ReadProcessMemory or WriteProcessMemory request was completed. (0x12B)
[0915/061651.175:ERROR:process_memory_win.cc(73)] ReadMemory at 0x2b722810c40 of 512 bytes failed: Only part of a ReadProcessMemory or WriteProcessMemory request was completed. (0x12B)
[0915/061651.175:ERROR:process_memory_win.cc(73)] ReadMemory at 0x2b722810f40 of 512 bytes failed: Only part of a ReadProcessMemory or WriteProcessMemory request was completed. (0x12B)
[0915/061651.175:ERROR:process_memory_win.cc(73)] ReadMemory at 0x2b722890fe0 of 20484 bytes failed: Only part of a ReadProcessMemory or WriteProcessMemory request was completed. (0x12B)
[0915/061651.175:ERROR:process_memory_win.cc(73)] ReadMemory at 0x2b722895ff0 of 1012 bytes failed: Only part of a ReadProcessMemory or WriteProcessMemory request was completed. (0x12B)
[0915/061651.175:ERROR:process_memory_win.cc(73)] ReadMemory at 0x2b722896638 of 118 bytes failed: Only part of a ReadProcessMemory or WriteProcessMemory request was completed. (0x12B)
[0915/061651.175:ERROR:process_memory_win.cc(73)] ReadMemory at 0x2b7228966b0 of 856 bytes failed: Only part of a ReadProcessMemory or WriteProcessMemory request was completed. (0x12B)
[0915/061651.175:ERROR:process_memory_win.cc(73)] ReadMemory at 0x2b722896a0a of 118 bytes failed: Only part of a ReadProcessMemory or WriteProcessMemory request was completed. (0x12B)
[0915/061651.175:ERROR:process_memory_win.cc(73)] ReadMemory at 0x2b722896a82 of 96 bytes failed: Only part of a ReadProcessMemory or WriteProcessMemory request was completed. (0x12B)
[0915/061651.175:ERROR:process_memory_win.cc(73)] ReadMemory at 0x2b722896af0 of 58 bytes failed: Only part of a ReadProcessMemory or WriteProcessMemory request was completed. (0x12B)
[0915/061651.175:ERROR:process_memory_win.cc(73)] ReadMemory at 0x2b722896bf0 of 132 bytes failed: Only part of a ReadProcessMemory or WriteProcessMemory request was completed. (0x12B)
[0915/061651.175:ERROR:process_memory_win.cc(73)] ReadMemory at 0x2b722896d80 of 132 bytes failed: Only part of a ReadProcessMemory or WriteProcessMemory request was completed. (0x12B)
[0915/061651.175:ERROR:process_memory_win.cc(73)] ReadMemory at 0x2b722896f40 of 126 bytes failed: Only part of a ReadProcessMemory or WriteProcessMemory request was completed. (0x12B)
[0915/061651.175:ERROR:process_memory_win.cc(73)] ReadMemory at 0x2b722897230 of 132 bytes failed: Only part of a ReadProcessMemory or WriteProcessMemory request was completed. (0x12B)
[0915/061651.175:ERROR:process_memory_win.cc(73)] ReadMemory at 0x2b7228977b0 of 132 bytes failed: Only part of a ReadProcessMemory or WriteProcessMemory request was completed. (0x12B)
[0915/061651.175:ERROR:process_memory_win.cc(73)] ReadMemory at 0x2b722897940 of 64 bytes failed: Only part of a ReadProcessMemory or WriteProcessMemory request was completed. (0x12B)
[0915/061651.175:ERROR:process_memory_win.cc(73)] ReadMemory at 0x2b722897da0 of 132 bytes failed: Only part of a ReadProcessMemory or WriteProcessMemory request was completed. (0x12B)
[0915/061651.175:ERROR:process_memory_win.cc(73)] ReadMemory at 0x2b722897f30 of 68 bytes failed: Only part of a ReadProcessMemory or WriteProcessMemory request was completed. (0x12B)
[0915/061651.175:ERROR:process_memory_win.cc(73)] ReadMemory at 0x2b72289f8e0 of 60 bytes failed: Only part of a ReadProcessMemory or WriteProcessMemory request was completed. (0x12B)
[0915/061651.175:ERROR:process_memory_win.cc(73)] ReadMemory at 0x2b72289fa70 of 62 bytes failed: Only part of a ReadProcessMemory or WriteProcessMemory request was completed. (0x12B)
[0915/061651.175:ERROR:process_memory_win.cc(73)] ReadMemory at 0x2b7228a66e0 of 132 bytes failed: Only part of a ReadProcessMemory or WriteProcessMemory request was completed. (0x12B)
[0915/061651.175:ERROR:process_memory_win.cc(73)] ReadMemory at 0x2b7228a6810 of 154 bytes failed: Only part of a ReadProcessMemory or WriteProcessMemory request was completed. (0x12B)
[0915/061651.175:ERROR:process_memory_win.cc(73)] ReadMemory at 0x2b7228a7450 of 132 bytes failed: Only part of a ReadProcessMemory or WriteProcessMemory request was completed. (0x12B)
[0915/061651.175:ERROR:process_memory_win.cc(73)] ReadMemory at 0x2b7228a8b70 of 60 bytes failed: Only part of a ReadProcessMemory or WriteProcessMemory request was completed. (0x12B)
[0915/061651.175:ERROR:process_memory_win.cc(73)] ReadMemory at 0x2b7228b3850 of 80 bytes failed: Only part of a ReadProcessMemory or WriteProcessMemory request was completed. (0x12B)
[0915/061651.176:ERROR:process_memory_win.cc(73)] ReadMemory at 0x2b7228b7780 of 146 bytes failed: Only part of a ReadProcessMemory or WriteProcessMemory request was completed. (0x12B)
[0915/061651.176:ERROR:process_memory_win.cc(73)] ReadMemory at 0x2b7228b7860 of 132 bytes failed: Only part of a ReadProcessMemory or WriteProcessMemory request was completed. (0x12B)
[0915/061651.176:ERROR:process_memory_win.cc(73)] ReadMemory at 0x2b7228b7df0 of 132 bytes failed: Only part of a ReadProcessMemory or WriteProcessMemory request was completed. (0x12B)
[0915/061651.176:ERROR:process_memory_win.cc(73)] ReadMemory at 0x2b7228b81d0 of 132 bytes failed: Only part of a ReadProcessMemory or WriteProcessMemory request was completed. (0x12B)
[0915/061651.176:ERROR:process_memory_win.cc(73)] ReadMemory at 0x2b7228b8510 of 60 bytes failed: Only part of a ReadProcessMemory or WriteProcessMemory request was completed. (0x12B)
[0915/061651.176:ERROR:process_memory_win.cc(73)] ReadMemory at 0x2b7228b8560 of 62 bytes failed: Only part of a ReadProcessMemory or WriteProcessMemory request was completed. (0x12B)
[0915/061651.176:ERROR:process_memory_win.cc(73)] ReadMemory at 0x2b7228b85b0 of 62 bytes failed: Only part of a ReadProcessMemory or WriteProcessMemory request was completed. (0x12B)
[0915/061651.176:ERROR:process_memory_win.cc(73)] ReadMemory at 0x2b7228b8650 of 64 bytes failed: Only part of a ReadProcessMemory or WriteProcessMemory request was completed. (0x12B)
[0915/061651.176:ERROR:process_memory_win.cc(73)] ReadMemory at 0x2b7228b86a0 of 62 bytes failed: Only part of a ReadProcessMemory or WriteProcessMemory request was completed. (0x12B)
[0915/061651.176:ERROR:process_memory_win.cc(73)] ReadMemory at 0x2b7228b8740 of 64 bytes failed: Only part of a ReadProcessMemory or WriteProcessMemory request was completed. (0x12B)
[0915/061651.176:ERROR:process_memory_win.cc(73)] ReadMemory at 0x2b7228b8830 of 62 bytes failed: Only part of a ReadProcessMemory or WriteProcessMemory request was completed. (0x12B)
[0915/061651.176:ERROR:process_memory_win.cc(73)] ReadMemory at 0x2b7228b8970 of 62 bytes failed: Only part of a ReadProcessMemory or WriteProcessMemory request was completed. (0x12B)
[0915/061651.176:ERROR:process_memory_win.cc(73)] ReadMemory at 0x2b7228b89c0 of 62 bytes failed: Only part of a ReadProcessMemory or WriteProcessMemory request was completed. (0x12B)
[0915/061651.176:ERROR:process_memory_win.cc(73)] ReadMemory at 0x2b7228b8a10 of 64 bytes failed: Only part of a ReadProcessMemory or WriteProcessMemory request was completed. (0x12B)
[0915/061651.176:ERROR:process_memory_win.cc(73)] ReadMemory at 0x2b7228b8a60 of 60 bytes failed: Only part of a ReadProcessMemory or WriteProcessMemory request was completed. (0x12B)
[0915/061651.176:ERROR:process_memory_win.cc(73)] ReadMemory at 0x2b7228b8b00 of 62 bytes failed: Only part of a ReadProcessMemory or WriteProcessMemory request was completed. (0x12B)
[0915/061651.176:ERROR:process_memory_win.cc(73)] ReadMemory at 0x2b7228b8ba0 of 64 bytes failed: Only part of a ReadProcessMemory or WriteProcessMemory request was completed. (0x12B)
[0915/061651.176:ERROR:process_memory_win.cc(73)] ReadMemory at 0x2b7228b8c40 of 66 bytes failed: Only part of a ReadProcessMemory or WriteProcessMemory request was completed. (0x12B)
[0915/061651.176:ERROR:process_memory_win.cc(73)] ReadMemory at 0x2b7228b8c90 of 60 bytes failed: Only part of a ReadProcessMemory or WriteProcessMemory request was completed. (0x12B)
[0915/061651.176:ERROR:process_memory_win.cc(73)] ReadMemory at 0x2b7228b8ce0 of 58 bytes failed: Only part of a ReadProcessMemory or WriteProcessMemory request was completed. (0x12B)
[0915/061651.176:ERROR:process_memory_win.cc(73)] ReadMemory at 0x2b7228b8d30 of 62 bytes failed: Only part of a ReadProcessMemory or WriteProcessMemory request was completed. (0x12B)
[0915/061651.176:ERROR:process_memory_win.cc(73)] ReadMemory at 0x2b7228b8e20 of 60 bytes failed: Only part of a ReadProcessMemory or WriteProcessMemory request was completed. (0x12B)
[0915/061651.176:ERROR:process_memory_win.cc(73)] ReadMemory at 0x2b7228b8e70 of 62 bytes failed: Only part of a ReadProcessMemory or WriteProcessMemory request was completed. (0x12B)
[0915/061651.176:ERROR:process_memory_win.cc(73)] ReadMemory at 0x2b7228b8ec0 of 64 bytes failed: Only part of a ReadProcessMemory or WriteProcessMemory request was completed. (0x12B)
[0915/061651.176:ERROR:process_memory_win.cc(73)] ReadMemory at 0x2b7228b8f10 of 62 bytes failed: Only part of a ReadProcessMemory or WriteProcessMemory request was completed. (0x12B)
[0915/061651.176:ERROR:process_memory_win.cc(73)] ReadMemory at 0x2b7228b9000 of 64 bytes failed: Only part of a ReadProcessMemory or WriteProcessMemory request was completed. (0x12B)
[0915/061651.176:ERROR:process_memory_win.cc(73)] ReadMemory at 0x2b7228b90a0 of 66 bytes failed: Only part of a ReadProcessMemory or WriteProcessMemory request was completed. (0x12B)
[0915/061651.176:ERROR:process_memory_win.cc(73)] ReadMemory at 0x2b7228b9230 of 64 bytes failed: Only part of a ReadProcessMemory or WriteProcessMemory request was completed. (0x12B)
[0915/061651.177:ERROR:process_memory_win.cc(73)] ReadMemory at 0x2b7228b9280 of 60 bytes failed: Only part of a ReadProcessMemory or WriteProcessMemory request was completed. (0x12B)
[0915/061651.177:ERROR:process_memory_win.cc(73)] ReadMemory at 0x2b7228b92d0 of 64 bytes failed: Only part of a ReadProcessMemory or WriteProcessMemory request was completed. (0x12B)
[0915/061651.177:ERROR:process_memory_win.cc(73)] ReadMemory at 0x2b7228b9430 of 132 bytes failed: Only part of a ReadProcessMemory or WriteProcessMemory request was completed. (0x12B)
[0915/061651.177:ERROR:process_memory_win.cc(73)] ReadMemory at 0x2b7228b9600 of 132 bytes failed: Only part of a ReadProcessMemory or WriteProcessMemory request was completed. (0x12B)
[0915/061651.177:ERROR:process_memory_win.cc(73)] ReadMemory at 0x2b7228b9fb0 of 132 bytes failed: Only part of a ReadProcessMemory or WriteProcessMemory request was completed. (0x12B)
[0915/061651.177:ERROR:process_memory_win.cc(73)] ReadMemory at 0x2b7228ba210 of 132 bytes failed: Only part of a ReadProcessMemory or WriteProcessMemory request was completed. (0x12B)
[0915/061651.177:ERROR:process_memory_win.cc(73)] ReadMemory at 0x2b7228ba340 of 132 bytes failed: Only part of a ReadProcessMemory or WriteProcessMemory request was completed. (0x12B)
[0915/061651.177:ERROR:process_memory_win.cc(73)] ReadMemory at 0x2b7228ba470 of 132 bytes failed: Only part of a ReadProcessMemory or WriteProcessMemory request was completed. (0x12B)
[0915/061651.177:ERROR:process_memory_win.cc(73)] ReadMemory at 0x2b7228ba5a0 of 132 bytes failed: Only part of a ReadProcessMemory or WriteProcessMemory request was completed. (0x12B)
[0915/061651.177:ERROR:process_memory_win.cc(73)] ReadMemory at 0x2b7228ba6d0 of 132 bytes failed: Only part of a ReadProcessMemory or WriteProcessMemory request was completed. (0x12B)
[0915/061651.177:ERROR:process_memory_win.cc(73)] ReadMemory at 0x2b7228ba800 of 132 bytes failed: Only part of a ReadProcessMemory or WriteProcessMemory request was completed. (0x12B)
[0915/061651.177:ERROR:process_memory_win.cc(73)] ReadMemory at 0x2b7228ba930 of 132 bytes failed: Only part of a ReadProcessMemory or WriteProcessMemory request was completed. (0x12B)
[0915/061651.177:ERROR:process_memory_win.cc(73)] ReadMemory at 0x2b7228baa60 of 132 bytes failed: Only part of a ReadProcessMemory or WriteProcessMemory request was completed. (0x12B)
[0915/061651.177:ERROR:process_memory_win.cc(73)] ReadMemory at 0x2b7228bab90 of 132 bytes failed: Only part of a ReadProcessMemory or WriteProcessMemory request was completed. (0x12B)
[0915/061651.177:ERROR:process_memory_win.cc(73)] ReadMemory at 0x2b7228bacc0 of 132 bytes failed: Only part of a ReadProcessMemory or WriteProcessMemory request was completed. (0x12B)
[0915/061651.177:ERROR:process_memory_win.cc(73)] ReadMemory at 0x2b7228badf0 of 132 bytes failed: Only part of a ReadProcessMemory or WriteProcessMemory request was completed. (0x12B)
[0915/061651.177:ERROR:process_memory_win.cc(73)] ReadMemory at 0x2b7228bcfc0 of 54 bytes failed: Only part of a ReadProcessMemory or WriteProcessMemory request was completed. (0x12B)
[0915/061651.177:ERROR:process_memory_win.cc(73)] ReadMemory at 0x2b7228c0df0 of 132 bytes failed: Only part of a ReadProcessMemory or WriteProcessMemory request was completed. (0x12B)
[0915/061651.177:ERROR:process_memory_win.cc(73)] ReadMemory at 0x2b7228c2040 of 132 bytes failed: Only part of a ReadProcessMemory or WriteProcessMemory request was completed. (0x12B)
[0915/061651.177:ERROR:process_memory_win.cc(73)] ReadMemory at 0x2b7228c6900 of 132 bytes failed: Only part of a ReadProcessMemory or WriteProcessMemory request was completed. (0x12B)
[0915/061651.177:ERROR:process_memory_win.cc(73)] ReadMemory at 0x2b7228c6b20 of 132 bytes failed: Only part of a ReadProcessMemory or WriteProcessMemory request was completed. (0x12B)
[0915/061651.177:ERROR:process_memory_win.cc(73)] ReadMemory at 0x2b7228c7080 of 76 bytes failed: Only part of a ReadProcessMemory or WriteProcessMemory request was completed. (0x12B)
[0915/061651.177:ERROR:process_memory_win.cc(73)] ReadMemory at 0x2b7228c72c0 of 80 bytes failed: Only part of a ReadProcessMemory or WriteProcessMemory request was completed. (0x12B)
[0915/061651.178:ERROR:process_memory_win.cc(73)] ReadMemory at 0x2b7228c8030 of 132 bytes failed: Only part of a ReadProcessMemory or WriteProcessMemory request was completed. (0x12B)
[0915/061651.178:ERROR:process_memory_win.cc(73)] ReadMemory at 0x2b7228c8160 of 132 bytes failed: Only part of a ReadProcessMemory or WriteProcessMemory request was completed. (0x12B)
[0915/061651.178:ERROR:process_memory_win.cc(73)] ReadMemory at 0x2b7228c83c0 of 132 bytes failed: Only part of a ReadProcessMemory or WriteProcessMemory request was completed. (0x12B)
[0915/061651.178:ERROR:process_memory_win.cc(73)] ReadMemory at 0x2b7228c84f0 of 132 bytes failed: Only part of a ReadProcessMemory or WriteProcessMemory request was completed. (0x12B)
[0915/061651.178:ERROR:process_memory_win.cc(73)] ReadMemory at 0x2b7228c8620 of 132 bytes failed: Only part of a ReadProcessMemory or WriteProcessMemory request was completed. (0x12B)
[0915/061651.178:ERROR:process_memory_win.cc(73)] ReadMemory at 0x2b7228c8750 of 132 bytes failed: Only part of a ReadProcessMemory or WriteProcessMemory request was completed. (0x12B)
[0915/061651.178:ERROR:process_memory_win.cc(73)] ReadMemory at 0x2b7228c8880 of 132 bytes failed: Only part of a ReadProcessMemory or WriteProcessMemory request was completed. (0x12B)
[0915/061651.178:ERROR:process_memory_win.cc(73)] ReadMemory at 0x2b7228c89b0 of 132 bytes failed: Only part of a ReadProcessMemory or WriteProcessMemory request was completed. (0x12B)
[0915/061651.178:ERROR:process_memory_win.cc(73)] ReadMemory at 0x2b7228c8ae0 of 132 bytes failed: Only part of a ReadProcessMemory or WriteProcessMemory request was completed. (0x12B)
[0915/061651.178:ERROR:process_memory_win.cc(73)] ReadMemory at 0x2b7228c8c10 of 132 bytes failed: Only part of a ReadProcessMemory or WriteProcessMemory request was completed. (0x12B)
[0915/061651.178:ERROR:process_memory_win.cc(73)] ReadMemory at 0x2b7228c8d40 of 132 bytes failed: Only part of a ReadProcessMemory or WriteProcessMemory request was completed. (0x12B)
[0915/061651.178:ERROR:process_memory_win.cc(73)] ReadMemory at 0x2b7228c9200 of 132 bytes failed: Only part of a ReadProcessMemory or WriteProcessMemory request was completed. (0x12B)
[0915/061651.178:ERROR:process_memory_win.cc(73)] ReadMemory at 0x2b7228c9460 of 132 bytes failed: Only part of a ReadProcessMemory or WriteProcessMemory request was completed. (0x12B)
[0915/061651.178:ERROR:process_memory_win.cc(73)] ReadMemory at 0x2b7228c9590 of 132 bytes failed: Only part of a ReadProcessMemory or WriteProcessMemory request was completed. (0x12B)
[0915/061651.178:ERROR:process_memory_win.cc(73)] ReadMemory at 0x2b7228c96c0 of 132 bytes failed: Only part of a ReadProcessMemory or WriteProcessMemory request was completed. (0x12B)
[0915/061651.178:ERROR:process_memory_win.cc(73)] ReadMemory at 0x2b7228c97f0 of 132 bytes failed: Only part of a ReadProcessMemory or WriteProcessMemory request was completed. (0x12B)
[0915/061651.178:ERROR:process_memory_win.cc(73)] ReadMemory at 0x2b7228c9920 of 132 bytes failed: Only part of a ReadProcessMemory or WriteProcessMemory request was completed. (0x12B)
[0915/061651.178:ERROR:process_memory_win.cc(73)] ReadMemory at 0x2b7228e1e80 of 60 bytes failed: Only part of a ReadProcessMemory or WriteProcessMemory request was completed. (0x12B)
[0915/061651.178:ERROR:process_memory_win.cc(73)] ReadMemory at 0x2b7228e2100 of 58 bytes failed: Only part of a ReadProcessMemory or WriteProcessMemory request was completed. (0x12B)
[0915/061651.178:ERROR:process_memory_win.cc(73)] ReadMemory at 0x2b7228e2150 of 66 bytes failed: Only part of a ReadProcessMemory or WriteProcessMemory request was completed. (0x12B)
[0915/061651.178:ERROR:process_memory_win.cc(73)] ReadMemory at 0x2b7228e21f0 of 58 bytes failed: Only part of a ReadProcessMemory or WriteProcessMemory request was completed. (0x12B)
[0915/061651.178:ERROR:process_memory_win.cc(73)] ReadMemory at 0x2b7228e2790 of 60 bytes failed: Only part of a ReadProcessMemory or WriteProcessMemory request was completed. (0x12B)
[0915/061651.178:ERROR:process_memory_win.cc(73)] ReadMemory at 0x2b7228e2b50 of 58 bytes failed: Only part of a ReadProcessMemory or WriteProcessMemory request was completed. (0x12B)
[0915/061651.178:ERROR:process_memory_win.cc(73)] ReadMemory at 0x2b722934a20 of 512 bytes failed: Only part of a ReadProcessMemory or WriteProcessMemory request was completed. (0x12B)
[0915/061651.178:ERROR:process_memory_win.cc(73)] ReadMemory at 0x2b72293b340 of 512 bytes failed: Only part of a ReadProcessMemory or WriteProcessMemory request was completed. (0x12B)
[0915/061651.179:ERROR:process_memory_win.cc(73)] ReadMemory at 0x2b722944000 of 512 bytes failed: Only part of a ReadProcessMemory or WriteProcessMemory request was completed. (0x12B)
[0915/061651.179:ERROR:process_memory_win.cc(73)] ReadMemory at 0x2b722944e80 of 512 bytes failed: Only part of a ReadProcessMemory or WriteProcessMemory request was completed. (0x12B)
[0915/061651.179:ERROR:process_memory_win.cc(73)] ReadMemory at 0x2b722953c00 of 512 bytes failed: Only part of a ReadProcessMemory or WriteProcessMemory request was completed. (0x12B)
[0915/061651.179:ERROR:process_memory_win.cc(73)] ReadMemory at 0x2b7229573d0 of 512 bytes failed: Only part of a ReadProcessMemory or WriteProcessMemory request was completed. (0x12B)
[0915/061651.179:ERROR:process_memory_win.cc(73)] ReadMemory at 0x2b722957aa0 of 712 bytes failed: Only part of a ReadProcessMemory or WriteProcessMemory request was completed. (0x12B)
[0915/061651.179:ERROR:process_memory_win.cc(73)] ReadMemory at 0x2b7243a0000 of 384 bytes failed: Only part of a ReadProcessMemory or WriteProcessMemory request was completed. (0x12B)
[0915/061651.179:ERROR:process_memory_win.cc(73)] ReadMemory at 0x2b7243e9660 of 512 bytes failed: Only part of a ReadProcessMemory or WriteProcessMemory request was completed. (0x12B)
[0915/061651.179:ERROR:process_memory_win.cc(73)] ReadMemory at 0x2b724478f14 of 512 bytes failed: Only part of a ReadProcessMemory or WriteProcessMemory request was completed. (0x12B)
[0915/061651.179:ERROR:process_memory_win.cc(73)] ReadMemory at 0x2b7244791b4 of 736 bytes failed: Only part of a ReadProcessMemory or WriteProcessMemory request was completed. (0x12B)
[0915/061651.179:ERROR:process_memory_win.cc(73)] ReadMemory at 0x2b72447e1a0 of 512 bytes failed: Only part of a ReadProcessMemory or WriteProcessMemory request was completed. (0x12B)
[0915/061651.179:ERROR:process_memory_win.cc(73)] ReadMemory at 0x2b724642260 of 512 bytes failed: Only part of a ReadProcessMemory or WriteProcessMemory request was completed. (0x12B)
[0915/061651.179:ERROR:process_memory_win.cc(73)] ReadMemory at 0x2b724642560 of 512 bytes failed: Only part of a ReadProcessMemory or WriteProcessMemory request was completed. (0x12B)
[0915/061651.179:ERROR:process_memory_win.cc(73)] ReadMemory at 0x2b724642ae0 of 512 bytes failed: Only part of a ReadProcessMemory or WriteProcessMemory request was completed. (0x12B)
[0915/061651.179:ERROR:process_memory_win.cc(73)] ReadMemory at 0x2b724657b70 of 512 bytes failed: Only part of a ReadProcessMemory or WriteProcessMemory request was completed. (0x12B)
[0915/061651.179:ERROR:process_memory_win.cc(73)] ReadMemory at 0x2b7253fcba8 of 512 bytes failed: Only part of a ReadProcessMemory or WriteProcessMemory request was completed. (0x12B)
[0915/061651.180:ERROR:process_memory_win.cc(73)] ReadMemory at 0x2b72b4fe080 of 512 bytes failed: Only part of a ReadProcessMemory or WriteProcessMemory request was completed. (0x12B)
[0915/061651.180:ERROR:process_memory_win.cc(73)] ReadMemory at 0x2b72b5080d0 of 512 bytes failed: Only part of a ReadProcessMemory or WriteProcessMemory request was completed. (0x12B)
[0915/061651.180:ERROR:process_memory_win.cc(73)] ReadMemory at 0x2b72b50c0f0 of 512 bytes failed: Only part of a ReadProcessMemory or WriteProcessMemory request was completed. (0x12B)
[0915/061651.180:ERROR:process_memory_win.cc(73)] ReadMemory at 0x1ab700000000 of 384 bytes failed: Only part of a ReadProcessMemory or WriteProcessMemory request was completed. (0x12B)
[0915/061651.180:ERROR:process_memory_win.cc(73)] ReadMemory at 0x1ab7080405c1 of 512 bytes failed: Only part of a ReadProcessMemory or WriteProcessMemory request was completed. (0x12B)
[0915/061651.180:ERROR:process_memory_win.cc(73)] ReadMemory at 0x1ab708040b9d of 512 bytes failed: Only part of a ReadProcessMemory or WriteProcessMemory request was completed. (0x12B)
[0915/061651.180:ERROR:process_memory_win.cc(73)] ReadMemory at 0x1ab70857ff80 of 512 bytes failed: Only part of a ReadProcessMemory or WriteProcessMemory request was completed. (0x12B)
[0915/061651.180:ERROR:process_memory_win.cc(73)] ReadMemory at 0x1ab70a23c731 of 512 bytes failed: Only part of a ReadProcessMemory or WriteProcessMemory request was completed. (0x12B)
[0915/061651.184:ERROR:scoped_process_suspend.cc(40)] NtResumeProcess: An attempt was made to access an exiting process. (0xc000010a)
